<?xml version="1.0" encoding="UTF-8"?>
<testsuite xmlns:xsi="http://www.w3.org/2001/XMLSchema-instance" xsi:noNamespaceSchemaLocation="https://maven.apache.org/surefire/maven-surefire-plugin/xsd/surefire-test-report.xsd" name="com.ming.demo_01.SprinBootApplicationTests" time="4.797" tests="3" errors="0" skipped="0" failures="0">
  <properties>
[...]
</properties>
  <testcase name="contextLoadsUser" classname="com.ming.demo_01.SprinBootApplicationTests" time="0.571"/>
  <testcase name="contextLoadsOrder" classname="com.ming.demo_01.SprinBootApplicationTests" time="0.001"/>
  <testcase name="testService" classname="com.ming.demo_01.SprinBootApplicationTests" time="0.002"/>
</testsuite>